Fri Feb 10 09:07:08 CST 2017  [debug] AvalonLogSystem initialized using logfile 'D:\Program Files\apache-tomcat-7.0.75\webapps\java-ee-Web\.metadata\.plugins\com.genuitec.eclipse.templates\velocity.log'
Fri Feb 10 09:07:08 CST 2017   [info] ************************************************************** 
Fri Feb 10 09:07:08 CST 2017   [info] Starting Jakarta Velocity v1.4
Fri Feb 10 09:07:08 CST 2017   [info] RuntimeInstance initializing.
Fri Feb 10 09:07:08 CST 2017   [info] Default Properties File: org\apache\velocity\runtime\defaults\velocity.properties
Fri Feb 10 09:07:08 CST 2017   [info] Trying to use logger class org.apache.velocity.runtime.log.AvalonLogSystem
Fri Feb 10 09:07:08 CST 2017   [info] Using logger class org.apache.velocity.runtime.log.AvalonLogSystem
Fri Feb 10 09:07:08 CST 2017   [info] Default ResourceManager initializing. (class org.apache.velocity.runtime.resource.ResourceManagerImpl)
Fri Feb 10 09:07:08 CST 2017   [info] Resource Loader Instantiated: com.genuitec.eclipse.templates.internal.PluginResourceLoader
Fri Feb 10 09:07:08 CST 2017   [info] ResourceCache : initialized. (class org.apache.velocity.runtime.resource.ResourceCacheImpl)
Fri Feb 10 09:07:08 CST 2017   [info] Default ResourceManager initialization complete.
Fri Feb 10 09:07:08 CST 2017   [info] Loaded System Directive: org.apache.velocity.runtime.directive.Literal
Fri Feb 10 09:07:08 CST 2017   [info] Loaded System Directive: org.apache.velocity.runtime.directive.Macro
Fri Feb 10 09:07:08 CST 2017   [info] Loaded System Directive: org.apache.velocity.runtime.directive.Parse
Fri Feb 10 09:07:08 CST 2017   [info] Loaded System Directive: org.apache.velocity.runtime.directive.Include
Fri Feb 10 09:07:08 CST 2017   [info] Loaded System Directive: org.apache.velocity.runtime.directive.Foreach
Fri Feb 10 09:07:08 CST 2017   [info] Created: 20 parsers.
Fri Feb 10 09:07:08 CST 2017   [info] Velocimacro : initialization starting.
Fri Feb 10 09:07:08 CST 2017   [info] Velocimacro : adding VMs from VM library template : VM_global_library.vm
Fri Feb 10 09:07:08 CST 2017  [error] ResourceManager : unable to find resource 'VM_global_library.vm' in any resource loader.
Fri Feb 10 09:07:08 CST 2017   [info] Velocimacro : error using  VM library template VM_global_library.vm : org.apache.velocity.exception.ResourceNotFoundException: Unable to find resource 'VM_global_library.vm'
Fri Feb 10 09:07:08 CST 2017   [info] Velocimacro :  VM library template macro registration complete.
Fri Feb 10 09:07:08 CST 2017   [info] Velocimacro : allowInline = true : VMs can be defined inline in templates
Fri Feb 10 09:07:08 CST 2017   [info] Velocimacro : allowInlineToOverride = true : VMs defined inline may replace previous VM definitions
Fri Feb 10 09:07:08 CST 2017   [info] Velocimacro : allowInlineLocal = true : VMs defined inline will be local to their defining template only.
Fri Feb 10 09:07:08 CST 2017   [info] Velocimacro : messages on  : VM system will output logging messages
Fri Feb 10 09:07:08 CST 2017   [info] Velocimacro : autoload off  : VM system will not automatically reload global library macros
Fri Feb 10 09:07:08 CST 2017   [info] Velocimacro : initialization complete.
Fri Feb 10 09:07:08 CST 2017   [info] Velocity successfully started.
Fri Feb 10 09:07:08 CST 2017   [info] ResourceManager : found templates/web.xml.vm with loader com.genuitec.eclipse.templates.internal.PluginResourceLoader
Fri Feb 10 09:07:08 CST 2017   [info] ResourceManager : found /templates/velocity/welcome/Jsp.vtl with loader com.genuitec.eclipse.templates.internal.PluginResourceLoader
Fri Feb 10 09:13:22 CST 2017   [info] ResourceManager : found templates/html/HtmlWithLoginForm.vtl with loader com.genuitec.eclipse.templates.internal.PluginResourceLoader
Fri Feb 10 09:13:22 CST 2017   [info] ResourceManager : found templates/html/HTMLMetaTags.vtl with loader com.genuitec.eclipse.templates.internal.PluginResourceLoader
